<?xml version="1.0" encoding="UTF-8"?>
<testsuite name="CalculatorTest" tests="7" skipped="0" failures="0" errors="0" timestamp="2022-09-07T22:10:33" hostname="LAPTOP-L6S16H2U" time="0.032">
  <properties/>
  <testcase name="testAdd()" classname="CalculatorTest" time="0.018"/>
  <testcase name="testSubtract()" classname="CalculatorTest" time="0.001"/>
  <testcase name="testDivideWithoutRemainder()" classname="CalculatorTest" time="0.002"/>
  <testcase name="testDivideWithRemainder()" classname="CalculatorTest" time="0.001"/>
  <testcase name="testMultiply()" classname="CalculatorTest" time="0.001"/>
  <testcase name="testSquareRoot()" classname="CalculatorTest" time="0.001"/>
  <testcase name="testSquare()" classname="CalculatorTest" time="0.002"/>
  <system-out><![CDATA[]]></system-out>
  <system-err><![CDATA[]]></system-err>
</testsuite>
